2025-11-29 21:50:28 - modern_bot.scripts.allocate_auction - INFO - 📝 Логирование настроено. Файл: /Users/oleg/Project_SKLAD/logs/allocation_20251129_215028.log
2025-11-29 21:50:28 - modern_bot.scripts.allocate_auction - INFO - 
====================================================================================================
2025-11-29 21:50:28 - modern_bot.scripts.allocate_auction - INFO - 🚀 НАЧАЛО РАСПРЕДЕЛЕНИЯ АУКЦИОНА
2025-11-29 21:50:28 - modern_bot.scripts.allocate_auction - INFO - ====================================================================================================
2025-11-29 21:50:31 - modern_bot.scripts.allocate_auction - INFO - Продажи загружены: 15792 строк, окно 65 нед.
2025-11-29 21:50:31 - modern_bot.scripts.allocate_auction - INFO - Скорость по SKU/подразделению: 15431 записей.
2025-11-29 21:50:31 - modern_bot.scripts.allocate_auction - INFO - Скорость по подразделению: 21 записей.
2025-11-29 21:50:31 - modern_bot.scripts.allocate_auction - INFO - Уникальных подразделений: 21
2025-11-29 21:50:31 - modern_bot.scripts.allocate_auction - INFO - Уникальных регионов: 1
2025-11-29 21:50:32 - modern_bot.scripts.allocate_auction - INFO - Остатки загружены: 2392 SKU-позиций.
2025-11-29 21:50:32 - modern_bot.scripts.allocate_auction - INFO - Лотов в реестре: 755 (уникальных SKU: 704).
2025-11-29 21:50:32 - modern_bot.scripts.allocate_auction - INFO - 
================================================================================
2025-11-29 21:50:32 - modern_bot.scripts.allocate_auction - INFO - 🎯 Начинаем распределение SKU: 58700057240, количество: 8 шт
2025-11-29 21:50:32 - modern_bot.scripts.allocate_auction - DEBUG -   ⚠️ Нет истории по SKU 58700057240, используем категории + общие остатки
2025-11-29 21:50:32 - modern_bot.scripts.allocate_auction - DEBUG -   📊 Добавлены общие остатки подразделений
2025-11-29 21:50:32 - modern_bot.scripts.allocate_auction - INFO -   🎯 Лимит на подразделение: 1 шт (15% от 8)
2025-11-29 21:50:32 - modern_bot.scripts.allocate_auction - INFO -   📦 Доступно подразделений-кандидатов: 21
2025-11-29 21:50:32 - modern_bot.scripts.allocate_auction - DEBUG -   Кандидаты:                                                                                               department  stock_qty  weekly_velocity  coverage_weeks
0                 ломбард №369; санкт-петербург г, колпино г, тверская улица, дом 38, корпус а, п. 110-н        0.0        10.661538             0.0
1                    ломбард №385; г. санкт-петербург, искровский пр., д. 19, корп. 1, лит. "а", п. 39-н        0.0        17.892308             0.0
2                              ломбард №422; г. санкт-петербург, ул. уточкина, д.2, к. 1, лит. а, п. 17н        0.0         9.200000             0.0
3                                    ломбард №441; г. санкт-петербург, ул. наличная, д. 49 лит. а ,п.34н        0.0         3.907692             0.0
4                          ломбард №465; г. санкт-петербург, ул. парголовская, д. 7, литера н, пом. 22-н        0.0         4.261538             0.0
5                                ломбард №474; г. санкт-петербург, ул. марата, д. 4, литера а, пом. 13-н        0.0        10.830769             0.0
6          ломбард №475; ленинградская обл, всеволожский р-н, пос. мурино, привокзальная площадь, д. б/н        0.0        14.246154             0.0
7                     ломбард №506; ленинградская обл., г. кудрово, европейский пр., д. 14 к.6, п. 133-н        0.0         7.615385             0.0
8                            ломбард №517; г. санкт-петербург. ул. генерала симоняка, д.1 лит.а, п. 10-н        0.0         1.015385             0.0
9                           ломбард №543; г. санкт-петербург, бульвар новаторов, д. 11 литера а, п. 17-н        0.0         9.369231             0.0
10                   ломбард №544; г. санкт-петербург, ул. ярослава гашека, д.4 корп. 1 литера а п. 65-н        0.0        94.353846             0.0
11                        ломбард №548; г. санкт-петербург, пос. шушары, вилеровский пер., д. 6, п. 52-н        0.0         7.169231             0.0
12                     ломбард №551; ленинградская обл., г. мурино, пр. авиаторов балтики, д. 7, п. 38-н        0.0         6.061538             0.0
13                     ломбард №587; г. санкт-петербург, ул. генерала кравченко, д. 8, стр. 1, пом. 110н        0.0         3.769231             0.0
14                 ломбард №588; г. санкт-петербург, пр-кт комендантский, д. 55, кор.1, стр. 1, пом. 2-н        0.0         0.430769             0.0
15                             ломбард №622; г. санкт-петербург, пр. большевиков, д. 2, лит. а, пом. 3-н        0.0         9.430769             0.0
16  ломбард №628 ленингр. обл,всеволожский,заневское,г.кудрово,мкрновый оккервиль, ул.ленинградская, д.5        0.0        10.400000             0.0
17                                 ломбард №652 г. санкт-петербург, муринская дорога, д.84 а, пом.. 10-н        0.0         8.261538             0.0
18                           ломбард №659 г. санкт-петербург, пр. авиаконструкторов, д.63 стр1, пом. 28н        0.0         8.261538             0.0
19           ломбард №668 ленинградская обл., р-н ломоносовский, гп новоселье, ул.невская, д.1, пом 18н,        0.0         7.215385             0.0
20                 ломбард №689 г. санкт-петербург, вн.тер.г. мо гавань, б-р головнина, д. 3 к. 1 стр. 1        0.0         1.046154             0.0
