2025-11-30 23:42:11,893 - modern_bot - INFO - Bot started.
2025-11-30 23:42:12,046 - modern_bot.database.db - INFO - Database initialized at /Users/oleg/Project_SKLAD/user_data.db
2025-11-30 23:42:12,096 - modern_bot - INFO - 🗑 Deleted old default commands
2025-11-30 23:42:12,652 - modern_bot - INFO - ✅ Set 3 default commands for regular users
2025-11-30 23:42:13,096 - modern_bot - INFO - ✅ Set admin commands for 2064900
2025-11-30 23:42:13,504 - modern_bot - INFO - ✅ Set admin commands for 5950486494
2025-11-30 23:42:13,504 - modern_bot - INFO - ✅ Set 8 admin commands for 2 admins
2025-11-30 23:42:13,667 - modern_bot.database.db - INFO - Database connection closed.
2025-11-30 23:42:18,689 - modern_bot - INFO - Bot started.
2025-11-30 23:42:23,710 - modern_bot - INFO - Bot started.
2025-11-30 23:42:28,723 - modern_bot - INFO - Bot started.
2025-11-30 23:42:33,744 - modern_bot - INFO - Bot started.
2025-11-30 23:42:38,765 - modern_bot - INFO - Bot started.
2025-11-30 23:42:43,788 - modern_bot - INFO - Bot started.
2025-11-30 23:42:48,809 - modern_bot - INFO - Bot started.
2025-11-30 23:42:53,830 - modern_bot - INFO - Bot started.
2025-11-30 23:42:58,847 - modern_bot - INFO - Bot started.
2025-11-30 23:43:03,866 - modern_bot - INFO - Bot started.
2025-11-30 23:43:08,890 - modern_bot - INFO - Bot started.
2025-11-30 23:43:13,904 - modern_bot - INFO - Bot started.
2025-11-30 23:43:18,927 - modern_bot - INFO - Bot started.
2025-11-30 23:43:23,949 - modern_bot - INFO - Bot started.
2025-11-30 23:43:28,970 - modern_bot - INFO - Bot started.
2025-11-30 23:43:33,994 - modern_bot - INFO - Bot started.
2025-11-30 23:43:39,015 - modern_bot - INFO - Bot started.
2025-11-30 23:43:44,037 - modern_bot - INFO - Bot started.
2025-11-30 23:43:49,058 - modern_bot - INFO - Bot started.
2025-11-30 23:43:54,082 - modern_bot - INFO - Bot started.
2025-11-30 23:43:59,116 - modern_bot - INFO - Bot started.
2025-11-30 23:44:04,139 - modern_bot - INFO - Bot started.
2025-11-30 23:44:09,160 - modern_bot - INFO - Bot started.
2025-11-30 23:44:14,180 - modern_bot - INFO - Bot started.
2025-11-30 23:44:19,204 - modern_bot - INFO - Bot started.
2025-11-30 23:44:24,225 - modern_bot - INFO - Bot started.
2025-11-30 23:44:29,246 - modern_bot - INFO - Bot started.
2025-11-30 23:44:34,269 - modern_bot - INFO - Bot started.
2025-11-30 23:44:39,290 - modern_bot - INFO - Bot started.
2025-11-30 23:44:44,309 - modern_bot - INFO - Bot started.
2025-11-30 23:44:49,331 - modern_bot - INFO - Bot started.
2025-11-30 23:44:54,353 - modern_bot - INFO - Bot started.
2025-11-30 23:44:59,375 - modern_bot - INFO - Bot started.
2025-11-30 23:45:09,441 - modern_bot - INFO - Bot started.
2025-11-30 23:45:09,614 - modern_bot.database.db - INFO - Database initialized at /Users/oleg/Project_SKLAD/user_data.db
2025-11-30 23:45:09,695 - modern_bot - INFO - 🗑 Deleted old default commands
2025-11-30 23:45:10,257 - modern_bot - INFO - ✅ Set 3 default commands for regular users
2025-11-30 23:45:10,699 - modern_bot - INFO - ✅ Set admin commands for 2064900
2025-11-30 23:45:11,112 - modern_bot - INFO - ✅ Set admin commands for 5950486494
2025-11-30 23:45:11,112 - modern_bot - INFO - ✅ Set 8 admin commands for 2 admins
2025-11-30 23:45:11,272 - modern_bot.api - INFO - API Server started on http://127.0.0.1:8080 (max 2097152 bytes)
2025-11-30 23:45:11,542 - modern_bot.handlers.commands - INFO - ⭐ User ID: 2064900 | Name: Oleg | Is Admin: True
2025-11-30 23:45:11,670 - modern_bot.handlers.commands - INFO - ⭐ User ID: 2064900 | Name: Oleg | Is Admin: True
2025-11-30 23:45:11,811 - modern_bot.handlers.commands - INFO - ⭐ User ID: 2064900 | Name: Oleg | Is Admin: True
2025-11-30 23:45:27,566 - modern_bot.handlers.commands - INFO - ⭐ User ID: 2064900 | Name: Oleg | Is Admin: True
2025-11-30 23:45:44,058 - modern_bot.database.db - INFO - Database connection closed.
2025-11-30 23:45:44,070 - modern_bot - INFO - Bot started.
2025-11-30 23:45:49,092 - modern_bot - INFO - Bot started.
2025-11-30 23:45:54,110 - modern_bot - INFO - Bot started.
2025-11-30 23:45:59,133 - modern_bot - INFO - Bot started.
2025-11-30 23:46:04,154 - modern_bot - INFO - Bot started.
2025-11-30 23:46:09,178 - modern_bot - INFO - Bot started.
2025-11-30 23:46:14,198 - modern_bot - INFO - Bot started.
2025-11-30 23:46:19,219 - modern_bot - INFO - Bot started.
2025-11-30 23:46:24,241 - modern_bot - INFO - Bot started.
2025-11-30 23:46:29,264 - modern_bot - INFO - Bot started.
2025-11-30 23:46:34,285 - modern_bot - INFO - Bot started.
2025-11-30 23:46:39,307 - modern_bot - INFO - Bot started.
2025-11-30 23:46:44,324 - modern_bot - INFO - Bot started.
2025-11-30 23:46:49,349 - modern_bot - INFO - Bot started.
2025-11-30 23:46:54,373 - modern_bot - INFO - Bot started.
2025-11-30 23:46:59,398 - modern_bot - INFO - Bot started.
2025-11-30 23:47:04,422 - modern_bot - INFO - Bot started.
2025-11-30 23:47:09,442 - modern_bot - INFO - Bot started.
2025-11-30 23:47:14,462 - modern_bot - INFO - Bot started.
2025-11-30 23:47:19,482 - modern_bot - INFO - Bot started.
2025-11-30 23:47:24,503 - modern_bot - INFO - Bot started.
2025-11-30 23:47:29,523 - modern_bot - INFO - Bot started.
2025-11-30 23:47:34,539 - modern_bot - INFO - Bot started.
2025-11-30 23:47:39,560 - modern_bot - INFO - Bot started.
2025-11-30 23:47:44,579 - modern_bot - INFO - Bot started.
2025-11-30 23:47:49,600 - modern_bot - INFO - Bot started.
2025-11-30 23:47:54,619 - modern_bot - INFO - Bot started.
2025-11-30 23:47:59,638 - modern_bot - INFO - Bot started.
2025-11-30 23:48:04,655 - modern_bot - INFO - Bot started.
2025-11-30 23:48:09,677 - modern_bot - INFO - Bot started.
2025-11-30 23:48:14,694 - modern_bot - INFO - Bot started.
2025-11-30 23:48:19,712 - modern_bot - INFO - Bot started.
2025-11-30 23:48:24,735 - modern_bot - INFO - Bot started.
2025-11-30 23:48:29,752 - modern_bot - INFO - Bot started.
2025-11-30 23:48:34,772 - modern_bot - INFO - Bot started.
2025-11-30 23:48:39,794 - modern_bot - INFO - Bot started.
2025-11-30 23:48:44,813 - modern_bot - INFO - Bot started.
2025-11-30 23:48:49,836 - modern_bot - INFO - Bot started.
2025-11-30 23:48:54,854 - modern_bot - INFO - Bot started.
2025-11-30 23:48:59,876 - modern_bot - INFO - Bot started.
2025-11-30 23:49:04,896 - modern_bot - INFO - Bot started.
2025-11-30 23:49:09,915 - modern_bot - INFO - Bot started.
2025-11-30 23:49:14,933 - modern_bot - INFO - Bot started.
2025-11-30 23:49:19,955 - modern_bot - INFO - Bot started.
2025-11-30 23:49:24,974 - modern_bot - INFO - Bot started.
2025-11-30 23:49:29,996 - modern_bot - INFO - Bot started.
2025-11-30 23:49:35,016 - modern_bot - INFO - Bot started.
2025-11-30 23:49:40,035 - modern_bot - INFO - Bot started.
2025-11-30 23:49:45,056 - modern_bot - INFO - Bot started.
2025-11-30 23:49:50,079 - modern_bot - INFO - Bot started.
2025-11-30 23:49:55,099 - modern_bot - INFO - Bot started.
2025-11-30 23:50:00,122 - modern_bot - INFO - Bot started.
2025-11-30 23:50:05,148 - modern_bot - INFO - Bot started.
2025-11-30 23:50:10,169 - modern_bot - INFO - Bot started.
2025-11-30 23:50:15,186 - modern_bot - INFO - Bot started.
2025-11-30 23:50:20,205 - modern_bot - INFO - Bot started.
2025-11-30 23:50:25,234 - modern_bot - INFO - Bot started.
2025-11-30 23:50:30,256 - modern_bot - INFO - Bot started.
2025-11-30 23:50:35,274 - modern_bot - INFO - Bot started.
2025-11-30 23:50:40,296 - modern_bot - INFO - Bot started.
2025-11-30 23:50:45,320 - modern_bot - INFO - Bot started.
2025-11-30 23:50:50,339 - modern_bot - INFO - Bot started.
2025-11-30 23:50:55,361 - modern_bot - INFO - Bot started.
2025-11-30 23:51:00,381 - modern_bot - INFO - Bot started.
2025-11-30 23:51:05,398 - modern_bot - INFO - Bot started.
2025-11-30 23:51:10,420 - modern_bot - INFO - Bot started.
2025-11-30 23:51:15,439 - modern_bot - INFO - Bot started.
2025-11-30 23:51:20,458 - modern_bot - INFO - Bot started.
2025-11-30 23:51:25,477 - modern_bot - INFO - Bot started.
2025-11-30 23:51:30,496 - modern_bot - INFO - Bot started.
2025-11-30 23:51:35,508 - modern_bot - INFO - Bot started.
2025-11-30 23:51:40,530 - modern_bot - INFO - Bot started.
2025-11-30 23:51:45,547 - modern_bot - INFO - Bot started.
2025-11-30 23:51:50,570 - modern_bot - INFO - Bot started.
2025-11-30 23:51:55,589 - modern_bot - INFO - Bot started.
2025-11-30 23:52:00,612 - modern_bot - INFO - Bot started.
2025-11-30 23:52:05,632 - modern_bot - INFO - Bot started.
2025-11-30 23:52:10,650 - modern_bot - INFO - Bot started.
2025-11-30 23:52:15,675 - modern_bot - INFO - Bot started.
2025-11-30 23:52:20,697 - modern_bot - INFO - Bot started.
2025-11-30 23:52:25,723 - modern_bot - INFO - Bot started.
2025-11-30 23:52:30,749 - modern_bot - INFO - Bot started.
2025-11-30 23:52:35,771 - modern_bot - INFO - Bot started.
2025-11-30 23:52:40,796 - modern_bot - INFO - Bot started.
2025-11-30 23:52:45,820 - modern_bot - INFO - Bot started.
2025-11-30 23:52:50,840 - modern_bot - INFO - Bot started.
2025-11-30 23:52:55,866 - modern_bot - INFO - Bot started.
2025-11-30 23:53:00,880 - modern_bot - INFO - Bot started.
2025-11-30 23:53:05,905 - modern_bot - INFO - Bot started.
2025-11-30 23:53:10,926 - modern_bot - INFO - Bot started.
2025-11-30 23:53:15,946 - modern_bot - INFO - Bot started.
2025-11-30 23:53:20,969 - modern_bot - INFO - Bot started.
2025-11-30 23:53:25,989 - modern_bot - INFO - Bot started.
2025-11-30 23:53:31,014 - modern_bot - INFO - Bot started.
2025-11-30 23:53:36,040 - modern_bot - INFO - Bot started.
2025-11-30 23:53:41,064 - modern_bot - INFO - Bot started.
2025-11-30 23:53:46,081 - modern_bot - INFO - Bot started.
2025-11-30 23:53:51,097 - modern_bot - INFO - Bot started.
2025-11-30 23:53:56,113 - modern_bot - INFO - Bot started.
2025-11-30 23:54:01,134 - modern_bot - INFO - Bot started.
2025-11-30 23:54:06,154 - modern_bot - INFO - Bot started.
2025-11-30 23:54:11,251 - modern_bot - INFO - Bot started.
2025-11-30 23:54:16,269 - modern_bot - INFO - Bot started.
2025-11-30 23:54:21,292 - modern_bot - INFO - Bot started.
2025-11-30 23:54:26,331 - modern_bot - INFO - Bot started.
2025-11-30 23:54:31,353 - modern_bot - INFO - Bot started.
2025-11-30 23:54:36,375 - modern_bot - INFO - Bot started.
2025-11-30 23:54:41,396 - modern_bot - INFO - Bot started.
2025-11-30 23:54:46,415 - modern_bot - INFO - Bot started.
2025-11-30 23:54:51,434 - modern_bot - INFO - Bot started.
2025-11-30 23:54:56,452 - modern_bot - INFO - Bot started.
2025-11-30 23:55:01,475 - modern_bot - INFO - Bot started.
2025-11-30 23:55:06,500 - modern_bot - INFO - Bot started.
2025-11-30 23:55:11,519 - modern_bot - INFO - Bot started.
2025-11-30 23:55:16,539 - modern_bot - INFO - Bot started.
2025-11-30 23:55:21,563 - modern_bot - INFO - Bot started.
2025-11-30 23:55:26,576 - modern_bot - INFO - Bot started.
2025-11-30 23:55:31,591 - modern_bot - INFO - Bot started.
2025-11-30 23:55:36,611 - modern_bot - INFO - Bot started.
2025-11-30 23:55:41,633 - modern_bot - INFO - Bot started.
2025-11-30 23:55:46,653 - modern_bot - INFO - Bot started.
2025-11-30 23:55:51,677 - modern_bot - INFO - Bot started.
2025-11-30 23:55:56,697 - modern_bot - INFO - Bot started.
2025-11-30 23:56:01,719 - modern_bot - INFO - Bot started.
2025-11-30 23:56:06,733 - modern_bot - INFO - Bot started.
2025-11-30 23:56:11,754 - modern_bot - INFO - Bot started.
2025-11-30 23:56:16,774 - modern_bot - INFO - Bot started.
2025-11-30 23:56:21,795 - modern_bot - INFO - Bot started.
2025-11-30 23:56:26,812 - modern_bot - INFO - Bot started.
2025-11-30 23:56:31,831 - modern_bot - INFO - Bot started.
2025-11-30 23:56:36,855 - modern_bot - INFO - Bot started.
2025-11-30 23:56:41,876 - modern_bot - INFO - Bot started.
2025-11-30 23:56:46,900 - modern_bot - INFO - Bot started.
2025-11-30 23:56:51,924 - modern_bot - INFO - Bot started.
2025-11-30 23:56:56,945 - modern_bot - INFO - Bot started.
2025-11-30 23:57:01,969 - modern_bot - INFO - Bot started.
2025-11-30 23:57:06,990 - modern_bot - INFO - Bot started.
2025-11-30 23:57:12,008 - modern_bot - INFO - Bot started.
2025-11-30 23:57:17,032 - modern_bot - INFO - Bot started.
2025-11-30 23:57:22,051 - modern_bot - INFO - Bot started.
2025-11-30 23:57:27,071 - modern_bot - INFO - Bot started.
2025-11-30 23:57:32,095 - modern_bot - INFO - Bot started.
2025-11-30 23:57:37,115 - modern_bot - INFO - Bot started.
2025-11-30 23:57:42,138 - modern_bot - INFO - Bot started.
2025-11-30 23:57:47,159 - modern_bot - INFO - Bot started.
2025-11-30 23:57:52,180 - modern_bot - INFO - Bot started.
2025-11-30 23:57:57,207 - modern_bot - INFO - Bot started.
2025-11-30 23:58:02,233 - modern_bot - INFO - Bot started.
2025-11-30 23:58:07,260 - modern_bot - INFO - Bot started.
2025-11-30 23:58:12,285 - modern_bot - INFO - Bot started.
2025-11-30 23:58:17,308 - modern_bot - INFO - Bot started.
2025-11-30 23:58:22,328 - modern_bot - INFO - Bot started.
2025-11-30 23:58:27,347 - modern_bot - INFO - Bot started.
2025-11-30 23:58:32,367 - modern_bot - INFO - Bot started.
2025-11-30 23:58:37,385 - modern_bot - INFO - Bot started.
2025-11-30 23:58:42,404 - modern_bot - INFO - Bot started.
2025-11-30 23:58:47,418 - modern_bot - INFO - Bot started.
2025-11-30 23:58:52,437 - modern_bot - INFO - Bot started.
2025-11-30 23:58:57,455 - modern_bot - INFO - Bot started.
2025-11-30 23:59:02,474 - modern_bot - INFO - Bot started.
2025-11-30 23:59:07,491 - modern_bot - INFO - Bot started.
2025-11-30 23:59:12,511 - modern_bot - INFO - Bot started.
2025-11-30 23:59:17,527 - modern_bot - INFO - Bot started.
2025-11-30 23:59:22,544 - modern_bot - INFO - Bot started.
2025-11-30 23:59:27,562 - modern_bot - INFO - Bot started.
